0 info it worked if it ends with ok
1 verbose cli [ 'E:\\lecturer\\requirejs\\node\\node.exe',
1 verbose cli   'E:\\lecturer\\requirejs\\node\\node_modules\\npm\\bin\\npm-cli.js',
1 verbose cli   'run',
1 verbose cli   'package' ]
2 info using npm@3.8.6
3 info using node@v4.4.3
4 verbose run-script [ 'prepackage', 'package', 'postpackage' ]
5 info lifecycle requirejs@1.0.0~prepackage: requirejs@1.0.0
6 silly lifecycle requirejs@1.0.0~prepackage: no script for prepackage, continuing
7 info lifecycle requirejs@1.0.0~package: requirejs@1.0.0
8 verbose lifecycle requirejs@1.0.0~package: unsafe-perm in lifecycle true
9 verbose lifecycle requirejs@1.0.0~package: PATH: E:\lecturer\requirejs\node\node_modules\npm\bin\node-gyp-bin;E:\lecturer\requirejs\node_modules\.bin;E:\lecturer\requirejs\node;E:\lecturer\requirejs\node;C:/Program Files/Java/jdk1.8.0_05/bin/../jre/bin/server;C:/Program Files/Java/jdk1.8.0_05/bin/../jre/bin;C:/Program Files/Java/jdk1.8.0_05/bin/../jre/lib/amd64;E:\BaiduYunDownload\android-ndk-r10e;C:\cygwin64\bin;C:\Python27;E:\Android\sdk\platform-tools;C:\Ruby22-x64\bin;E:\Program Files\Git\bin;E:\Program Files\apache-maven-3.2.3\bin;E:\Program Files\MySQL\MySQL Server 5.6\bin;C:\Program Files (x86)\NVIDIA Corporation\PhysX\Common;C:\Program Files\Java\jdk1.8.0_05\bin;C:\Program Files\nodejs;C:\Windows\system32;C:\Windows;C:\Windows\System32\Wbem;C:\Windows\System32\WindowsPowerShell\v1.0\;E:\Program Files\TortoiseGit\bin;E:\Program Files\MySQL\MySQL Utilities\;E:\Program Files\MySQL\MySQL Utilities\Doctrine extensions for PHP\;E:\Program Files\TortoiseSVN\bin;C:\Program Files\nodejs\;E:\Program Files\Microsoft VS Code\bin;C:\Users\Administrator\AppData\Roaming\npm;C:\Users\Administrator\AppData\Local\atom\bin;E:\Program Files\Docker Toolbox;E:\eclipse;;
10 verbose lifecycle requirejs@1.0.0~package: CWD: E:\lecturer\requirejs
11 silly lifecycle requirejs@1.0.0~package: Args: [ '/d /s /c',
11 silly lifecycle   'node src/main/resources/static/r.js -o src/main/resources/static/app.build.js' ]
12 silly lifecycle requirejs@1.0.0~package: Returned: code: 1  signal: null
13 info lifecycle requirejs@1.0.0~package: Failed to exec package script
14 verbose stack Error: requirejs@1.0.0 package: `node src/main/resources/static/r.js -o src/main/resources/static/app.build.js`
14 verbose stack Exit status 1
14 verbose stack     at EventEmitter.<anonymous> (E:\lecturer\requirejs\node\node_modules\npm\lib\utils\lifecycle.js:239:16)
14 verbose stack     at emitTwo (events.js:87:13)
14 verbose stack     at EventEmitter.emit (events.js:172:7)
14 verbose stack     at ChildProcess.<anonymous> (E:\lecturer\requirejs\node\node_modules\npm\lib\utils\spawn.js:24:14)
14 verbose stack     at emitTwo (events.js:87:13)
14 verbose stack     at ChildProcess.emit (events.js:172:7)
14 verbose stack     at maybeClose (internal/child_process.js:827:16)
14 verbose stack     at Process.ChildProcess._handle.onexit (internal/child_process.js:211:5)
15 verbose pkgid requirejs@1.0.0
16 verbose cwd E:\lecturer\requirejs
17 error Windows_NT 6.1.7601
18 error argv "E:\\lecturer\\requirejs\\node\\node.exe" "E:\\lecturer\\requirejs\\node\\node_modules\\npm\\bin\\npm-cli.js" "run" "package"
19 error node v4.4.3
20 error npm  v3.8.6
21 error code ELIFECYCLE
22 error requirejs@1.0.0 package: `node src/main/resources/static/r.js -o src/main/resources/static/app.build.js`
22 error Exit status 1
23 error Failed at the requirejs@1.0.0 package script 'node src/main/resources/static/r.js -o src/main/resources/static/app.build.js'.
23 error Make sure you have the latest version of node.js and npm installed.
23 error If you do, this is most likely a problem with the requirejs package,
23 error not with npm itself.
23 error Tell the author that this fails on your system:
23 error     node src/main/resources/static/r.js -o src/main/resources/static/app.build.js
23 error You can get information on how to open an issue for this project with:
23 error     npm bugs requirejs
23 error Or if that isn't available, you can get their info via:
23 error     npm owner ls requirejs
23 error There is likely additional logging output above.
24 verbose exit [ 1, true ]
